# JRE version: Java(TM) SE Runtime Environment (8.0_112-b15) (build 1.8.0_112-b15)
# Java VM: Java HotSpot(TM) 64-Bit Server VM (25.112-b15 mixed mode windows-amd64 compressed oops)
Heap:
 PSYoungGen      total 60416K, used 34898K [0x00000007bc400000, 0x00000007c0000000, 0x00000007c0000000)
  eden space 59392K, 57% used [0x00000007bc400000,0x00000007be524ad8,0x00000007bfe00000)
  from space 1024K, 93% used [0x00000007bff00000,0x00000007bfff0000,0x00000007c0000000)
  to   space 1024K, 0% used [0x00000007bfe00000,0x00000007bfe00000,0x00000007bff00000)
 ParOldGen       total 279040K, used 132506K [0x0000000700000000, 0x0000000711080000, 0x00000007bc400000)
  object space 279040K, 47% used [0x0000000700000000,0x0000000708166a38,0x0000000711080000)
 Metaspace       used 82091K, capacity 82775K, committed 83632K, reserved 1122304K
  class space    used 11386K, capacity 11550K, committed 11696K, reserved 1048576K
GC Heap History (10 events):
Event: 79319.286 GC heap before
{Heap before GC invocations=1065 (full 63):
 PSYoungGen      total 60416K, used 59872K [0x00000007bc400000, 0x00000007c0000000, 0x00000007c0000000)
  eden space 59392K, 100% used [0x00000007bc400000,0x00000007bfe00000,0x00000007bfe00000)
  from space 1024K, 46% used [0x00000007bfe00000,0x00000007bfe78000,0x00000007bff00000)
  to   space 1024K, 0% used [0x00000007bff00000,0x00000007bff00000,0x00000007c0000000)
 ParOldGen       total 279040K, used 108708K [0x0000000700000000, 0x0000000711080000, 0x00000007bc400000)
  object space 279040K, 38% used [0x0000000700000000,0x0000000706a29008,0x0000000711080000)
 Metaspace       used 82080K, capacity 82757K, committed 83632K, reserved 1122304K
  class space    used 11384K, capacity 11547K, committed 11696K, reserved 1048576K
Event: 79319.289 GC heap after
Heap after GC invocations=1065 (full 63):
 PSYoungGen      total 60416K, used 576K [0x00000007bc400000, 0x00000007c0000000, 0x00000007c0000000)
  eden space 59392K, 0% used [0x00000007bc400000,0x00000007bc400000,0x00000007bfe00000)
  from space 1024K, 56% used [0x00000007bff00000,0x00000007bff90000,0x00000007c0000000)
  to   space 1024K, 0% used [0x00000007bfe00000,0x00000007bfe00000,0x00000007bff00000)
 ParOldGen       total 279040K, used 108708K [0x0000000700000000, 0x0000000711080000, 0x00000007bc400000)
  object space 279040K, 38% used [0x0000000700000000,0x0000000706a29008,0x0000000711080000)
 Metaspace       used 82080K, capacity 82757K, committed 83632K, reserved 1122304K
  class space    used 11384K, capacity 11547K, committed 11696K, reserved 1048576K
}
Event: 79414.539 GC heap before
{Heap before GC invocations=1066 (full 63):
 PSYoungGen      total 60416K, used 59968K [0x00000007bc400000, 0x00000007c0000000, 0x00000007c0000000)
  eden space 59392K, 100% used [0x00000007bc400000,0x00000007bfe00000,0x00000007bfe00000)
  from space 1024K, 56% used [0x00000007bff00000,0x00000007bff90000,0x00000007c0000000)
  to   space 1024K, 0% used [0x00000007bfe00000,0x00000007bfe00000,0x00000007bff00000)
 ParOldGen       total 279040K, used 108708K [0x0000000700000000, 0x0000000711080000, 0x00000007bc400000)
  object space 279040K, 38% used [0x0000000700000000,0x0000000706a29008,0x0000000711080000)
 Metaspace       used 82080K, capacity 82757K, committed 83632K, reserved 1122304K
  class space    used 11384K, capacity 11547K, committed 11696K, reserved 1048576K
Event: 79414.543 GC heap after
Heap after GC invocations=1066 (full 63):
 PSYoungGen      total 60416K, used 480K [0x00000007bc400000, 0x00000007c0000000, 0x00000007c0000000)
  eden space 59392K, 0% used [0x00000007bc400000,0x00000007bc400000,0x00000007bfe00000)
  from space 1024K, 46% used [0x00000007bfe00000,0x00000007bfe78000,0x00000007bff00000)
  to   space 1024K, 0% used [0x00000007bff00000,0x00000007bff00000,0x00000007c0000000)
 ParOldGen       total 279040K, used 108708K [0x0000000700000000, 0x0000000711080000, 0x00000007bc400000)
  object space 279040K, 38% used [0x0000000700000000,0x0000000706a29008,0x0000000711080000)
 Metaspace       used 82080K, capacity 82757K, committed 83632K, reserved 1122304K
  class space    used 11384K, capacity 11547K, committed 11696K, reserved 1048576K
}
Event: 79509.864 GC heap before
{Heap before GC invocations=1067 (full 63):
 PSYoungGen      total 60416K, used 59872K [0x00000007bc400000, 0x00000007c0000000, 0x00000007c0000000)
  eden space 59392K, 100% used [0x00000007bc400000,0x00000007bfe00000,0x00000007bfe00000)
  from space 1024K, 46% used [0x00000007bfe00000,0x00000007bfe78000,0x00000007bff00000)
  to   space 1024K, 0% used [0x00000007bff00000,0x00000007bff00000,0x00000007c0000000)
 ParOldGen       total 279040K, used 108708K [0x0000000700000000, 0x0000000711080000, 0x00000007bc400000)
  object space 279040K, 38% used [0x0000000700000000,0x0000000706a29008,0x0000000711080000)
 Metaspace       used 82080K, capacity 82757K, committed 83632K, reserved 1122304K
  class space    used 11384K, capacity 11547K, committed 11696K, reserved 1048576K
Event: 79509.868 GC heap after
Heap after GC invocations=1067 (full 63):
 PSYoungGen      total 60416K, used 512K [0x00000007bc400000, 0x00000007c0000000, 0x00000007c0000000)
  eden space 59392K, 0% used [0x00000007bc400000,0x00000007bc400000,0x00000007bfe00000)
  from space 1024K, 50% used [0x00000007bff00000,0x00000007bff80000,0x00000007c0000000)
  to   space 1024K, 0% used [0x00000007bfe00000,0x00000007bfe00000,0x00000007bff00000)
 ParOldGen       total 279040K, used 108708K [0x0000000700000000, 0x0000000711080000, 0x00000007bc400000)
  object space 279040K, 38% used [0x0000000700000000,0x0000000706a29008,0x0000000711080000)
 Metaspace       used 82080K, capacity 82757K, committed 83632K, reserved 1122304K
  class space    used 11384K, capacity 11547K, committed 11696K, reserved 1048576K
}
Event: 79605.209 GC heap before
{Heap before GC invocations=1068 (full 63):
 PSYoungGen      total 60416K, used 59904K [0x00000007bc400000, 0x00000007c0000000, 0x00000007c0000000)
  eden space 59392K, 100% used [0x00000007bc400000,0x00000007bfe00000,0x00000007bfe00000)
  from space 1024K, 50% used [0x00000007bff00000,0x00000007bff80000,0x00000007c0000000)
  to   space 1024K, 0% used [0x00000007bfe00000,0x00000007bfe00000,0x00000007bff00000)
 ParOldGen       total 279040K, used 108708K [0x0000000700000000, 0x0000000711080000, 0x00000007bc400000)
  object space 279040K, 38% used [0x0000000700000000,0x0000000706a29008,0x0000000711080000)
 Metaspace       used 82080K, capacity 82757K, committed 83632K, reserved 1122304K
  class space    used 11384K, capacity 11547K, committed 11696K, reserved 1048576K
Event: 79605.213 GC heap after
Heap after GC invocations=1068 (full 63):
 PSYoungGen      total 60416K, used 608K [0x00000007bc400000, 0x00000007c0000000, 0x00000007c0000000)
  eden space 59392K, 0% used [0x00000007bc400000,0x00000007bc400000,0x00000007bfe00000)
  from space 1024K, 59% used [0x00000007bfe00000,0x00000007bfe98000,0x00000007bff00000)
  to   space 1024K, 0% used [0x00000007bff00000,0x00000007bff00000,0x00000007c0000000)
 ParOldGen       total 279040K, used 108708K [0x0000000700000000, 0x0000000711080000, 0x00000007bc400000)
  object space 279040K, 38% used [0x0000000700000000,0x0000000706a29008,0x0000000711080000)
 Metaspace       used 82080K, capacity 82757K, committed 83632K, reserved 1122304K
  class space    used 11384K, capacity 11547K, committed 11696K, reserved 1048576K
}
Event: 79671.566 GC heap before
{Heap before GC invocations=1069 (full 63):
 PSYoungGen      total 60416K, used 60000K [0x00000007bc400000, 0x00000007c0000000, 0x00000007c0000000)
  eden space 59392K, 100% used [0x00000007bc400000,0x00000007bfe00000,0x00000007bfe00000)
  from space 1024K, 59% used [0x00000007bfe00000,0x00000007bfe98000,0x00000007bff00000)
  to   space 1024K, 0% used [0x00000007bff00000,0x00000007bff00000,0x00000007c0000000)
 ParOldGen       total 279040K, used 108708K [0x0000000700000000, 0x0000000711080000, 0x00000007bc400000)
  object space 279040K, 38% used [0x0000000700000000,0x0000000706a29008,0x0000000711080000)
 Metaspace       used 82089K, capacity 82769K, committed 83632K, reserved 1122304K
  class space    used 11385K, capacity 11549K, committed 11696K, reserved 1048576K
Event: 79671.571 GC heap after
Heap after GC invocations=1069 (full 63):
 PSYoungGen      total 60416K, used 960K [0x00000007bc400000, 0x00000007c0000000, 0x00000007c0000000)
  eden space 59392K, 0% used [0x00000007bc400000,0x00000007bc400000,0x00000007bfe00000)
  from space 1024K, 93% used [0x00000007bff00000,0x00000007bfff0000,0x00000007c0000000)
  to   space 1024K, 0% used [0x00000007bfe00000,0x00000007bfe00000,0x00000007bff00000)
 ParOldGen       total 279040K, used 132506K [0x0000000700000000, 0x0000000711080000, 0x00000007bc400000)
  object space 279040K, 47% used [0x0000000700000000,0x0000000708166a38,0x0000000711080000)
 Metaspace       used 82089K, capacity 82769K, committed 83632K, reserved 1122304K
  class space    used 11385K, capacity 11549K, committed 11696K, reserved 1048576K
}

