# JRE version: Java(TM) SE Runtime Environment (8.0_112-b15) (build 1.8.0_112-b15)
# Java VM: Java HotSpot(TM) 64-Bit Server VM (25.112-b15 mixed mode windows-amd64 compressed oops)
Heap:
 PSYoungGen      total 59904K, used 37394K [0x00000007bc400000, 0x00000007c0000000, 0x00000007c0000000)
  eden space 58368K, 62% used [0x00000007bc400000,0x00000007be786fc0,0x00000007bfd00000)
  from space 1536K, 66% used [0x00000007bfe80000,0x00000007bff7d950,0x00000007c0000000)
  to   space 1536K, 0% used [0x00000007bfd00000,0x00000007bfd00000,0x00000007bfe80000)
 ParOldGen       total 358912K, used 266590K [0x0000000700000000, 0x0000000715e80000, 0x00000007bc400000)
  object space 358912K, 74% used [0x0000000700000000,0x0000000710457a48,0x0000000715e80000)
 Metaspace       used 99452K, capacity 100389K, committed 101248K, reserved 1136640K
  class space    used 14476K, capacity 14655K, committed 14720K, reserved 1048576K
GC Heap History (10 events):
Event: 276973.429 GC heap before
{Heap before GC invocations=27025 (full 3181):
 PSYoungGen      total 59904K, used 59382K [0x00000007bc400000, 0x00000007c0000000, 0x00000007c0000000)
  eden space 58368K, 100% used [0x00000007bc400000,0x00000007bfd00000,0x00000007bfd00000)
  from space 1536K, 66% used [0x00000007bfd00000,0x00000007bfdfd860,0x00000007bfe80000)
  to   space 1536K, 0% used [0x00000007bfe80000,0x00000007bfe80000,0x00000007c0000000)
 ParOldGen       total 358912K, used 266566K [0x0000000700000000, 0x0000000715e80000, 0x00000007bc400000)
  object space 358912K, 74% used [0x0000000700000000,0x0000000710451a48,0x0000000715e80000)
 Metaspace       used 99452K, capacity 100389K, committed 101248K, reserved 1136640K
  class space    used 14476K, capacity 14655K, committed 14720K, reserved 1048576K
Event: 276973.433 GC heap after
Heap after GC invocations=27025 (full 3181):
 PSYoungGen      total 59904K, used 918K [0x00000007bc400000, 0x00000007c0000000, 0x00000007c0000000)
  eden space 58368K, 0% used [0x00000007bc400000,0x00000007bc400000,0x00000007bfd00000)
  from space 1536K, 59% used [0x00000007bfe80000,0x00000007bff658d0,0x00000007c0000000)
  to   space 1536K, 0% used [0x00000007bfd00000,0x00000007bfd00000,0x00000007bfe80000)
 ParOldGen       total 358912K, used 266566K [0x0000000700000000, 0x0000000715e80000, 0x00000007bc400000)
  object space 358912K, 74% used [0x0000000700000000,0x0000000710451a48,0x0000000715e80000)
 Metaspace       used 99452K, capacity 100389K, committed 101248K, reserved 1136640K
  class space    used 14476K, capacity 14655K, committed 14720K, reserved 1048576K
}
Event: 276975.315 GC heap before
{Heap before GC invocations=27026 (full 3181):
 PSYoungGen      total 59904K, used 59286K [0x00000007bc400000, 0x00000007c0000000, 0x00000007c0000000)
  eden space 58368K, 100% used [0x00000007bc400000,0x00000007bfd00000,0x00000007bfd00000)
  from space 1536K, 59% used [0x00000007bfe80000,0x00000007bff658d0,0x00000007c0000000)
  to   space 1536K, 0% used [0x00000007bfd00000,0x00000007bfd00000,0x00000007bfe80000)
 ParOldGen       total 358912K, used 266566K [0x0000000700000000, 0x0000000715e80000, 0x00000007bc400000)
  object space 358912K, 74% used [0x0000000700000000,0x0000000710451a48,0x0000000715e80000)
 Metaspace       used 99452K, capacity 100389K, committed 101248K, reserved 1136640K
  class space    used 14476K, capacity 14655K, committed 14720K, reserved 1048576K
Event: 276975.319 GC heap after
Heap after GC invocations=27026 (full 3181):
 PSYoungGen      total 59904K, used 1014K [0x00000007bc400000, 0x00000007c0000000, 0x00000007c0000000)
  eden space 58368K, 0% used [0x00000007bc400000,0x00000007bc400000,0x00000007bfd00000)
  from space 1536K, 66% used [0x00000007bfd00000,0x00000007bfdfd8d0,0x00000007bfe80000)
  to   space 1536K, 0% used [0x00000007bfe80000,0x00000007bfe80000,0x00000007c0000000)
 ParOldGen       total 358912K, used 266566K [0x0000000700000000, 0x0000000715e80000, 0x00000007bc400000)
  object space 358912K, 74% used [0x0000000700000000,0x0000000710451a48,0x0000000715e80000)
 Metaspace       used 99452K, capacity 100389K, committed 101248K, reserved 1136640K
  class space    used 14476K, capacity 14655K, committed 14720K, reserved 1048576K
}
Event: 276975.504 GC heap before
{Heap before GC invocations=27027 (full 3181):
 PSYoungGen      total 59904K, used 59382K [0x00000007bc400000, 0x00000007c0000000, 0x00000007c0000000)
  eden space 58368K, 100% used [0x00000007bc400000,0x00000007bfd00000,0x00000007bfd00000)
  from space 1536K, 66% used [0x00000007bfd00000,0x00000007bfdfd8d0,0x00000007bfe80000)
  to   space 1536K, 0% used [0x00000007bfe80000,0x00000007bfe80000,0x00000007c0000000)
 ParOldGen       total 358912K, used 266566K [0x0000000700000000, 0x0000000715e80000, 0x00000007bc400000)
  object space 358912K, 74% used [0x0000000700000000,0x0000000710451a48,0x0000000715e80000)
 Metaspace       used 99452K, capacity 100389K, committed 101248K, reserved 1136640K
  class space    used 14476K, capacity 14655K, committed 14720K, reserved 1048576K
Event: 276975.508 GC heap after
Heap after GC invocations=27027 (full 3181):
 PSYoungGen      total 59904K, used 982K [0x00000007bc400000, 0x00000007c0000000, 0x00000007c0000000)
  eden space 58368K, 0% used [0x00000007bc400000,0x00000007bc400000,0x00000007bfd00000)
  from space 1536K, 63% used [0x00000007bfe80000,0x00000007bff75940,0x00000007c0000000)
  to   space 1536K, 0% used [0x00000007bfd00000,0x00000007bfd00000,0x00000007bfe80000)
 ParOldGen       total 358912K, used 266582K [0x0000000700000000, 0x0000000715e80000, 0x00000007bc400000)
  object space 358912K, 74% used [0x0000000700000000,0x0000000710455a48,0x0000000715e80000)
 Metaspace       used 99452K, capacity 100389K, committed 101248K, reserved 1136640K
  class space    used 14476K, capacity 14655K, committed 14720K, reserved 1048576K
}
Event: 276976.336 GC heap before
{Heap before GC invocations=27028 (full 3181):
 PSYoungGen      total 59904K, used 59350K [0x00000007bc400000, 0x00000007c0000000, 0x00000007c0000000)
  eden space 58368K, 100% used [0x00000007bc400000,0x00000007bfd00000,0x00000007bfd00000)
  from space 1536K, 63% used [0x00000007bfe80000,0x00000007bff75940,0x00000007c0000000)
  to   space 1536K, 0% used [0x00000007bfd00000,0x00000007bfd00000,0x00000007bfe80000)
 ParOldGen       total 358912K, used 266582K [0x0000000700000000, 0x0000000715e80000, 0x00000007bc400000)
  object space 358912K, 74% used [0x0000000700000000,0x0000000710455a48,0x0000000715e80000)
 Metaspace       used 99452K, capacity 100389K, committed 101248K, reserved 1136640K
  class space    used 14476K, capacity 14655K, committed 14720K, reserved 1048576K
Event: 276976.341 GC heap after
Heap after GC invocations=27028 (full 3181):
 PSYoungGen      total 59904K, used 982K [0x00000007bc400000, 0x00000007c0000000, 0x00000007c0000000)
  eden space 58368K, 0% used [0x00000007bc400000,0x00000007bc400000,0x00000007bfd00000)
  from space 1536K, 63% used [0x00000007bfd00000,0x00000007bfdf5940,0x00000007bfe80000)
  to   space 1536K, 0% used [0x00000007bfe80000,0x00000007bfe80000,0x00000007c0000000)
 ParOldGen       total 358912K, used 266590K [0x0000000700000000, 0x0000000715e80000, 0x00000007bc400000)
  object space 358912K, 74% used [0x0000000700000000,0x0000000710457a48,0x0000000715e80000)
 Metaspace       used 99452K, capacity 100389K, committed 101248K, reserved 1136640K
  class space    used 14476K, capacity 14655K, committed 14720K, reserved 1048576K
}
Event: 276976.464 GC heap before
{Heap before GC invocations=27029 (full 3181):
 PSYoungGen      total 59904K, used 59350K [0x00000007bc400000, 0x00000007c0000000, 0x00000007c0000000)
  eden space 58368K, 100% used [0x00000007bc400000,0x00000007bfd00000,0x00000007bfd00000)
  from space 1536K, 63% used [0x00000007bfd00000,0x00000007bfdf5940,0x00000007bfe80000)
  to   space 1536K, 0% used [0x00000007bfe80000,0x00000007bfe80000,0x00000007c0000000)
 ParOldGen       total 358912K, used 266590K [0x0000000700000000, 0x0000000715e80000, 0x00000007bc400000)
  object space 358912K, 74% used [0x0000000700000000,0x0000000710457a48,0x0000000715e80000)
 Metaspace       used 99452K, capacity 100389K, committed 101248K, reserved 1136640K
  class space    used 14476K, capacity 14655K, committed 14720K, reserved 1048576K
Event: 276976.468 GC heap after
Heap after GC invocations=27029 (full 3181):
 PSYoungGen      total 59904K, used 1014K [0x00000007bc400000, 0x00000007c0000000, 0x00000007c0000000)
  eden space 58368K, 0% used [0x00000007bc400000,0x00000007bc400000,0x00000007bfd00000)
  from space 1536K, 66% used [0x00000007bfe80000,0x00000007bff7d950,0x00000007c0000000)
  to   space 1536K, 0% used [0x00000007bfd00000,0x00000007bfd00000,0x00000007bfe80000)
 ParOldGen       total 358912K, used 266590K [0x0000000700000000, 0x0000000715e80000, 0x00000007bc400000)
  object space 358912K, 74% used [0x0000000700000000,0x0000000710457a48,0x0000000715e80000)
 Metaspace       used 99452K, capacity 100389K, committed 101248K, reserved 1136640K
  class space    used 14476K, capacity 14655K, committed 14720K, reserved 1048576K
}

