# JRE version: Java(TM) SE Runtime Environment (8.0_112-b15) (build 1.8.0_112-b15)
# Java VM: Java HotSpot(TM) 64-Bit Server VM (25.112-b15 mixed mode windows-amd64 compressed oops)
Heap:
 PSYoungGen      total 23552K, used 2020K [0x00000007bc400000, 0x00000007c0000000, 0x00000007c0000000)
  eden space 22528K, 8% used [0x00000007bc400000,0x00000007bc5f91f8,0x00000007bda00000)
  from space 1024K, 0% used [0x00000007bff00000,0x00000007bff00000,0x00000007c0000000)
  to   space 19456K, 0% used [0x00000007bda00000,0x00000007bda00000,0x00000007bed00000)
 ParOldGen       total 610816K, used 230894K [0x0000000700000000, 0x0000000725480000, 0x00000007bc400000)
  object space 610816K, 37% used [0x0000000700000000,0x000000070e17bac8,0x0000000725480000)
 Metaspace       used 97821K, capacity 98647K, committed 99376K, reserved 1134592K
  class space    used 13327K, capacity 13490K, committed 13616K, reserved 1048576K
GC Heap History (10 events):
Event: 116533.783 GC heap before
{Heap before GC invocations=2979 (full 160):
 PSYoungGen      total 60416K, used 60096K [0x00000007bc400000, 0x00000007c0000000, 0x00000007c0000000)
  eden space 59392K, 100% used [0x00000007bc400000,0x00000007bfe00000,0x00000007bfe00000)
  from space 1024K, 68% used [0x00000007bff00000,0x00000007bffb0000,0x00000007c0000000)
  to   space 1024K, 0% used [0x00000007bfe00000,0x00000007bfe00000,0x00000007bff00000)
 ParOldGen       total 610816K, used 232572K [0x0000000700000000, 0x0000000725480000, 0x00000007bc400000)
  object space 610816K, 38% used [0x0000000700000000,0x000000070e31f1b8,0x0000000725480000)
 Metaspace       used 97806K, capacity 98641K, committed 99376K, reserved 1134592K
  class space    used 13326K, capacity 13489K, committed 13616K, reserved 1048576K
Event: 116533.787 GC heap after
Heap after GC invocations=2979 (full 160):
 PSYoungGen      total 60416K, used 768K [0x00000007bc400000, 0x00000007c0000000, 0x00000007c0000000)
  eden space 59392K, 0% used [0x00000007bc400000,0x00000007bc400000,0x00000007bfe00000)
  from space 1024K, 75% used [0x00000007bfe00000,0x00000007bfec0000,0x00000007bff00000)
  to   space 1024K, 0% used [0x00000007bff00000,0x00000007bff00000,0x00000007c0000000)
 ParOldGen       total 610816K, used 232572K [0x0000000700000000, 0x0000000725480000, 0x00000007bc400000)
  object space 610816K, 38% used [0x0000000700000000,0x000000070e31f1b8,0x0000000725480000)
 Metaspace       used 97806K, capacity 98641K, committed 99376K, reserved 1134592K
  class space    used 13326K, capacity 13489K, committed 13616K, reserved 1048576K
}
Event: 116602.154 GC heap before
{Heap before GC invocations=2980 (full 160):
 PSYoungGen      total 60416K, used 60160K [0x00000007bc400000, 0x00000007c0000000, 0x00000007c0000000)
  eden space 59392K, 100% used [0x00000007bc400000,0x00000007bfe00000,0x00000007bfe00000)
  from space 1024K, 75% used [0x00000007bfe00000,0x00000007bfec0000,0x00000007bff00000)
  to   space 1024K, 0% used [0x00000007bff00000,0x00000007bff00000,0x00000007c0000000)
 ParOldGen       total 610816K, used 232572K [0x0000000700000000, 0x0000000725480000, 0x00000007bc400000)
  object space 610816K, 38% used [0x0000000700000000,0x000000070e31f1b8,0x0000000725480000)
 Metaspace       used 97806K, capacity 98641K, committed 99376K, reserved 1134592K
  class space    used 13326K, capacity 13489K, committed 13616K, reserved 1048576K
Event: 116602.158 GC heap after
Heap after GC invocations=2980 (full 160):
 PSYoungGen      total 60416K, used 704K [0x00000007bc400000, 0x00000007c0000000, 0x00000007c0000000)
  eden space 59392K, 0% used [0x00000007bc400000,0x00000007bc400000,0x00000007bfe00000)
  from space 1024K, 68% used [0x00000007bff00000,0x00000007bffb0000,0x00000007c0000000)
  to   space 1024K, 0% used [0x00000007bfe00000,0x00000007bfe00000,0x00000007bff00000)
 ParOldGen       total 610816K, used 232572K [0x0000000700000000, 0x0000000725480000, 0x00000007bc400000)
  object space 610816K, 38% used [0x0000000700000000,0x000000070e31f1b8,0x0000000725480000)
 Metaspace       used 97806K, capacity 98641K, committed 99376K, reserved 1134592K
  class space    used 13326K, capacity 13489K, committed 13616K, reserved 1048576K
}
Event: 116641.624 GC heap before
{Heap before GC invocations=2981 (full 160):
 PSYoungGen      total 60416K, used 60096K [0x00000007bc400000, 0x00000007c0000000, 0x00000007c0000000)
  eden space 59392K, 100% used [0x00000007bc400000,0x00000007bfe00000,0x00000007bfe00000)
  from space 1024K, 68% used [0x00000007bff00000,0x00000007bffb0000,0x00000007c0000000)
  to   space 1024K, 0% used [0x00000007bfe00000,0x00000007bfe00000,0x00000007bff00000)
 ParOldGen       total 610816K, used 232572K [0x0000000700000000, 0x0000000725480000, 0x00000007bc400000)
  object space 610816K, 38% used [0x0000000700000000,0x000000070e31f1b8,0x0000000725480000)
 Metaspace       used 97807K, capacity 98647K, committed 99376K, reserved 1134592K
  class space    used 13327K, capacity 13490K, committed 13616K, reserved 1048576K
Event: 116641.631 GC heap after
Heap after GC invocations=2981 (full 160):
 PSYoungGen      total 60416K, used 1024K [0x00000007bc400000, 0x00000007c0000000, 0x00000007c0000000)
  eden space 59392K, 0% used [0x00000007bc400000,0x00000007bc400000,0x00000007bfe00000)
  from space 1024K, 100% used [0x00000007bfe00000,0x00000007bff00000,0x00000007bff00000)
  to   space 1024K, 0% used [0x00000007bff00000,0x00000007bff00000,0x00000007c0000000)
 ParOldGen       total 610816K, used 265193K [0x0000000700000000, 0x0000000725480000, 0x00000007bc400000)
  object space 610816K, 43% used [0x0000000700000000,0x00000007102fa4d8,0x0000000725480000)
 Metaspace       used 97807K, capacity 98647K, committed 99376K, reserved 1134592K
  class space    used 13327K, capacity 13490K, committed 13616K, reserved 1048576K
}
Event: 116645.099 GC heap before
{Heap before GC invocations=2982 (full 160):
 PSYoungGen      total 60416K, used 58530K [0x00000007bc400000, 0x00000007c0000000, 0x00000007c0000000)
  eden space 59392K, 96% used [0x00000007bc400000,0x00000007bfc28b08,0x00000007bfe00000)
  from space 1024K, 100% used [0x00000007bfe00000,0x00000007bff00000,0x00000007bff00000)
  to   space 1024K, 0% used [0x00000007bff00000,0x00000007bff00000,0x00000007c0000000)
 ParOldGen       total 610816K, used 265193K [0x0000000700000000, 0x0000000725480000, 0x00000007bc400000)
  object space 610816K, 43% used [0x0000000700000000,0x00000007102fa4d8,0x0000000725480000)
 Metaspace       used 97819K, capacity 98647K, committed 99376K, reserved 1134592K
  class space    used 13327K, capacity 13490K, committed 13616K, reserved 1048576K
Event: 116645.108 GC heap after
Heap after GC invocations=2982 (full 160):
 PSYoungGen      total 23552K, used 1024K [0x00000007bc400000, 0x00000007c0000000, 0x00000007c0000000)
  eden space 22528K, 0% used [0x00000007bc400000,0x00000007bc400000,0x00000007bda00000)
  from space 1024K, 100% used [0x00000007bff00000,0x00000007c0000000,0x00000007c0000000)
  to   space 19456K, 0% used [0x00000007bda00000,0x00000007bda00000,0x00000007bed00000)
 ParOldGen       total 610816K, used 286962K [0x0000000700000000, 0x0000000725480000, 0x00000007bc400000)
  object space 610816K, 46% used [0x0000000700000000,0x000000071183c820,0x0000000725480000)
 Metaspace       used 97819K, capacity 98647K, committed 99376K, reserved 1134592K
  class space    used 13327K, capacity 13490K, committed 13616K, reserved 1048576K
}
Event: 116645.108 GC heap before
{Heap before GC invocations=2983 (full 161):
 PSYoungGen      total 23552K, used 1024K [0x00000007bc400000, 0x00000007c0000000, 0x00000007c0000000)
  eden space 22528K, 0% used [0x00000007bc400000,0x00000007bc400000,0x00000007bda00000)
  from space 1024K, 100% used [0x00000007bff00000,0x00000007c0000000,0x00000007c0000000)
  to   space 19456K, 0% used [0x00000007bda00000,0x00000007bda00000,0x00000007bed00000)
 ParOldGen       total 610816K, used 286962K [0x0000000700000000, 0x0000000725480000, 0x00000007bc400000)
  object space 610816K, 46% used [0x0000000700000000,0x000000071183c820,0x0000000725480000)
 Metaspace       used 97819K, capacity 98647K, committed 99376K, reserved 1134592K
  class space    used 13327K, capacity 13490K, committed 13616K, reserved 1048576K
Event: 116645.307 GC heap after
Heap after GC invocations=2983 (full 161):
 PSYoungGen      total 23552K, used 0K [0x00000007bc400000, 0x00000007c0000000, 0x00000007c0000000)
  eden space 22528K, 0% used [0x00000007bc400000,0x00000007bc400000,0x00000007bda00000)
  from space 1024K, 0% used [0x00000007bff00000,0x00000007bff00000,0x00000007c0000000)
  to   space 19456K, 0% used [0x00000007bda00000,0x00000007bda00000,0x00000007bed00000)
 ParOldGen       total 610816K, used 230894K [0x0000000700000000, 0x0000000725480000, 0x00000007bc400000)
  object space 610816K, 37% used [0x0000000700000000,0x000000070e17bac8,0x0000000725480000)
 Metaspace       used 97819K, capacity 98647K, committed 99376K, reserved 1134592K
  class space    used 13327K, capacity 13490K, committed 13616K, reserved 1048576K
}

